
Showing logs for build [32mcb-kubecd-environment-pr-230-17-4nrnj-1[0m stage [32mfrom-build-pack[0m and container [32mstep-credential-initializer-f4lck[0m
{"level":"info","ts":1590290126.3230329,"logger":"fallback-logger","caller":"logging/config.go:69","msg":"Fetch GitHub commit ID from kodata failed: open /var/run/ko/refs/heads/0.8.0-ns-support: no such file or directory"}
{"level":"info","ts":1590290126.3237877,"logger":"fallback-logger","caller":"creds-init/main.go:40","msg":"Credentials initialized."}

Showing logs for build [32mcb-kubecd-environment-pr-230-17-4nrnj-1[0m stage [32mfrom-build-pack[0m and container [32mstep-working-dir-initializer-b8vct[0m
{"level":"info","ts":1590290127.688311,"logger":"fallback-logger","caller":"logging/config.go:69","msg":"Fetch GitHub commit ID from kodata failed: open /var/run/ko/HEAD: no such file or directory"}
{"level":"info","ts":1590290127.689575,"logger":"fallback-logger","caller":"bash/main.go:64","msg":"Successfully executed command \"sh -c mkdir -p /workspace/source\"; output "}

Showing logs for build [32mcb-kubecd-environment-pr-230-17-4nrnj-1[0m stage [32mfrom-build-pack[0m and container [32mstep-place-tools[0m

Showing logs for build [32mcb-kubecd-environment-pr-230-17-4nrnj-1[0m stage [32mfrom-build-pack[0m and container [32mstep-git-source-cb-kubecd-environment-pr-230-17-4nrnj-zc4gh[0m
{"level":"info","ts":1590290131.9450996,"logger":"fallback-logger","caller":"logging/config.go:69","msg":"Fetch GitHub commit ID from kodata failed: open /var/run/ko/refs/heads/0.8.0-ns-support: no such file or directory"}
{"level":"info","ts":1590290132.99705,"logger":"fallback-logger","caller":"git/git.go:103","msg":"Successfully cloned https://github.com/cb-kubecd/environment-pr-230-17-boot-gke-staging.git @ master in path /workspace/source"}

Showing logs for build [32mcb-kubecd-environment-pr-230-17-4nrnj-1[0m stage [32mfrom-build-pack[0m and container [32mstep-git-merge[0m
Using SHAs from PULL_REFS=master:41e17e4514b9baf718d278a685034dc20259f599,4:2cec4e898c7ddc08b0e552183027b3a2ce63a60e
DEBUG: LC_ALL=C JX_LOG_LEVEL=error git fetch origin --unshallow 2cec4e898c7ddc08b0e552183027b3a2ce63a60e: 41e17e4514b9baf718d278a685034dc20259f599:
DEBUG: ran git fetch --unshallow origin 2cec4e898c7ddc08b0e552183027b3a2ce63a60e: 41e17e4514b9baf718d278a685034dc20259f599: in 
DEBUG: LC_ALL=C JX_LOG_LEVEL=error git branch
DEBUG: LC_ALL=C JX_LOG_LEVEL=error git checkout master
DEBUG: ran git checkout master in 
DEBUG: LC_ALL=C JX_LOG_LEVEL=error git reset --hard 41e17e4514b9baf718d278a685034dc20259f599
DEBUG: ran git reset --hard 41e17e4514b9baf718d278a685034dc20259f599 in 
DEBUG: LC_ALL=C JX_LOG_LEVEL=error git clean -fd .
DEBUG: ran clean --force -d . in 
DEBUG: LC_ALL=C JX_LOG_LEVEL=error git merge 2cec4e898c7ddc08b0e552183027b3a2ce63a60e
DEBUG: ran git merge 2cec4e898c7ddc08b0e552183027b3a2ce63a60e in 
DEBUG: JX_LOG_LEVEL=error LC_ALL=C git log --format=%H%x1f%an%x1f%ae%x1f%cn%x1f%ce%x1f%s%n%b%x1e 41e17e4514b9baf718d278a685034dc20259f599..HEAD
Merged SHA 2cec4e898c7ddc08b0e552183027b3a2ce63a60e with commit message 'chore: Promote bdd-nh-1590288352 to version 0.0.1' into base branch master

Showing logs for build [32mcb-kubecd-environment-pr-230-17-4nrnj-1[0m stage [32mfrom-build-pack[0m and container [32mstep-build-helm-build[0m
WARNING: No $CHART_REPOSITORY defined so using the default value of: http://jenkins-x-chartmuseum:8080
Adding missing Helm repo: storage.googleapis.com https://storage.googleapis.com/chartmuseum.jenkins-x.io
WARNING: No secrets found on "helm/repos" due: reading the secret "helm/repos" from vault: no secret "helm/repos" not found in vault
Read credentials for https://storage.googleapis.com/chartmuseum.jenkins-x.io from vault helm/repos
Successfully added Helm repository storage.googleapis.com.
Adding missing Helm repo: jenkins-x-chartmuseum http://jenkins-x-chartmuseum:8080
WARNING: No secrets found on "helm/repos" due: reading the secret "helm/repos" from vault: no secret "helm/repos" not found in vault
Read credentials for http://jenkins-x-chartmuseum:8080 from vault helm/repos
Successfully added Helm repository jenkins-x-chartmuseum.
WARNING: No $CHART_REPOSITORY defined so using the default value of: http://jenkins-x-chartmuseum:8080
Adding missing Helm repo: chartmuseum.jenkins-x.io http://chartmuseum.jenkins-x.io
WARNING: No secrets found on "helm/repos" due: reading the secret "helm/repos" from vault: no secret "helm/repos" not found in vault
Read credentials for http://chartmuseum.jenkins-x.io from vault helm/repos
Successfully added Helm repository chartmuseum.jenkins-x.io.
